[INFO  - 2017-03-10T13:03:00.209Z] GhostDriver - Main - running on port 44551
[INFO  - 2017-03-10T13:03:02.561Z] Session [e4d2da70-0591-11e7-b2c0-dd8e876a56d3] - page.settings - {"XSSAuditingEnabled":false,"javascriptCanCloseWindows":true,"javascriptCanOpenWindows":true,"javascriptEnabled":true,"loadImages":true,"localToRemoteUrlAccessEnabled":false,"userAgent":"Mozilla/5.0 (Windows NT 6.2; WOW64) AppleWebKit/538.1 (KHTML, like Gecko) PhantomJS/2.1.1 Safari/538.1","webSecurityEnabled":true}
[INFO  - 2017-03-10T13:03:02.562Z] Session [e4d2da70-0591-11e7-b2c0-dd8e876a56d3] - page.customHeaders:  - {}
[INFO  - 2017-03-10T13:03:02.562Z] Session [e4d2da70-0591-11e7-b2c0-dd8e876a56d3] - Session.negotiatedCapabilities - {"browserName":"phantomjs","version":"2.1.1","driverName":"ghostdriver","driverVersion":"1.2.0","platform":"windows-8.1-32bit","javascriptEnabled":true,"takesScreenshot":true,"handlesAlerts":false,"databaseEnabled":false,"locationContextEnabled":false,"applicationCacheEnabled":false,"browserConnectionEnabled":false,"cssSelectorsEnabled":true,"webStorageEnabled":false,"rotatable":false,"acceptSslCerts":false,"nativeEvents":true,"proxy":{"proxyType":"direct"}}
[INFO  - 2017-03-10T13:03:02.562Z] SessionManagerReqHand - _postNewSessionCommand - New Session Created: e4d2da70-0591-11e7-b2c0-dd8e876a56d3
[ERROR - 2017-03-10T13:03:03.936Z] Session [e4d2da70-0591-11e7-b2c0-dd8e876a56d3] - page.onError - msg: TypeError: Attempting to configurable attribute of unconfigurable property.
[ERROR - 2017-03-10T13:03:03.936Z] Session [e4d2da70-0591-11e7-b2c0-dd8e876a56d3] - page.onError - stack:
  defineProperty (http://dn-growing.qbox.me/vds.js:2)
  registerHistoryHandler (http://dn-growing.qbox.me/vds.js:2)
  domLoadedHandler (http://dn-growing.qbox.me/vds.js:2)
  observe (http://dn-growing.qbox.me/vds.js:2)
  s (http://dn-growing.qbox.me/vds.js:2)
  connect (http://dn-growing.qbox.me/vds.js:2)
  connect (http://dn-growing.qbox.me/vds.js:3)
  (anonymous function) (http://dn-growing.qbox.me/vds.js:2)
  i (http://dn-growing.qbox.me/vds.js:1)
  t (http://dn-growing.qbox.me/vds.js:1)
[INFO  - 2017-03-10T13:42:07.906Z] GhostDriver - Main - running on port 17161
[INFO  - 2017-03-10T13:42:08.316Z] Session [5b00a920-0597-11e7-9b6f-11f4366aefaa] - page.settings - {"XSSAuditingEnabled":false,"javascriptCanCloseWindows":true,"javascriptCanOpenWindows":true,"javascriptEnabled":true,"loadImages":true,"localToRemoteUrlAccessEnabled":false,"userAgent":"Mozilla/5.0 (Windows NT 6.2; WOW64) AppleWebKit/538.1 (KHTML, like Gecko) PhantomJS/2.1.1 Safari/538.1","webSecurityEnabled":true}
[INFO  - 2017-03-10T13:42:08.316Z] Session [5b00a920-0597-11e7-9b6f-11f4366aefaa] - page.customHeaders:  - {}
[INFO  - 2017-03-10T13:42:08.316Z] Session [5b00a920-0597-11e7-9b6f-11f4366aefaa] - Session.negotiatedCapabilities - {"browserName":"phantomjs","version":"2.1.1","driverName":"ghostdriver","driverVersion":"1.2.0","platform":"windows-8.1-32bit","javascriptEnabled":true,"takesScreenshot":true,"handlesAlerts":false,"databaseEnabled":false,"locationContextEnabled":false,"applicationCacheEnabled":false,"browserConnectionEnabled":false,"cssSelectorsEnabled":true,"webStorageEnabled":false,"rotatable":false,"acceptSslCerts":false,"nativeEvents":true,"proxy":{"proxyType":"direct"}}
[INFO  - 2017-03-10T13:42:08.317Z] SessionManagerReqHand - _postNewSessionCommand - New Session Created: 5b00a920-0597-11e7-9b6f-11f4366aefaa
[ERROR - 2017-03-10T13:42:09.201Z] Session [5b00a920-0597-11e7-9b6f-11f4366aefaa] - page.onError - msg: TypeError: Attempting to configurable attribute of unconfigurable property.
[ERROR - 2017-03-10T13:42:09.202Z] Session [5b00a920-0597-11e7-9b6f-11f4366aefaa] - page.onError - stack:
  defineProperty (http://dn-growing.qbox.me/vds.js:2)
  registerHistoryHandler (http://dn-growing.qbox.me/vds.js:2)
  domLoadedHandler (http://dn-growing.qbox.me/vds.js:2)
  observe (http://dn-growing.qbox.me/vds.js:2)
  s (http://dn-growing.qbox.me/vds.js:2)
  connect (http://dn-growing.qbox.me/vds.js:2)
  connect (http://dn-growing.qbox.me/vds.js:3)
  (anonymous function) (http://dn-growing.qbox.me/vds.js:2)
  i (http://dn-growing.qbox.me/vds.js:1)
  t (http://dn-growing.qbox.me/vds.js:1)
[INFO  - 2017-03-10T13:45:17.662Z] GhostDriver - Main - running on port 17244
[INFO  - 2017-03-10T13:45:18.070Z] Session [cc1aabb0-0597-11e7-a2be-6b8b795e60c5] - page.settings - {"XSSAuditingEnabled":false,"javascriptCanCloseWindows":true,"javascriptCanOpenWindows":true,"javascriptEnabled":true,"loadImages":true,"localToRemoteUrlAccessEnabled":false,"userAgent":"Mozilla/5.0 (Windows NT 6.2; WOW64) AppleWebKit/538.1 (KHTML, like Gecko) PhantomJS/2.1.1 Safari/538.1","webSecurityEnabled":true}
[INFO  - 2017-03-10T13:45:18.070Z] Session [cc1aabb0-0597-11e7-a2be-6b8b795e60c5] - page.customHeaders:  - {}
[INFO  - 2017-03-10T13:45:18.070Z] Session [cc1aabb0-0597-11e7-a2be-6b8b795e60c5] - Session.negotiatedCapabilities - {"browserName":"phantomjs","version":"2.1.1","driverName":"ghostdriver","driverVersion":"1.2.0","platform":"windows-8.1-32bit","javascriptEnabled":true,"takesScreenshot":true,"handlesAlerts":false,"databaseEnabled":false,"locationContextEnabled":false,"applicationCacheEnabled":false,"browserConnectionEnabled":false,"cssSelectorsEnabled":true,"webStorageEnabled":false,"rotatable":false,"acceptSslCerts":false,"nativeEvents":true,"proxy":{"proxyType":"direct"}}
[INFO  - 2017-03-10T13:45:18.071Z] SessionManagerReqHand - _postNewSessionCommand - New Session Created: cc1aabb0-0597-11e7-a2be-6b8b795e60c5
[ERROR - 2017-03-10T13:45:21.659Z] Session [cc1aabb0-0597-11e7-a2be-6b8b795e60c5] - page.onError - msg: TypeError: Attempting to configurable attribute of unconfigurable property.
[ERROR - 2017-03-10T13:45:21.659Z] Session [cc1aabb0-0597-11e7-a2be-6b8b795e60c5] - page.onError - stack:
  defineProperty (http://dn-growing.qbox.me/vds.js:2)
  registerHistoryHandler (http://dn-growing.qbox.me/vds.js:2)
  domLoadedHandler (http://dn-growing.qbox.me/vds.js:2)
  observe (http://dn-growing.qbox.me/vds.js:2)
  s (http://dn-growing.qbox.me/vds.js:2)
  connect (http://dn-growing.qbox.me/vds.js:2)
  connect (http://dn-growing.qbox.me/vds.js:3)
  (anonymous function) (http://dn-growing.qbox.me/vds.js:2)
  i (http://dn-growing.qbox.me/vds.js:1)
  t (http://dn-growing.qbox.me/vds.js:1)
[INFO  - 2017-03-10T13:57:33.242Z] GhostDriver - Main - running on port 30304
[INFO  - 2017-03-10T13:57:33.608Z] Session [82852af0-0599-11e7-84cb-d378cb5fda56] - page.settings - {"XSSAuditingEnabled":false,"javascriptCanCloseWindows":true,"javascriptCanOpenWindows":true,"javascriptEnabled":true,"loadImages":true,"localToRemoteUrlAccessEnabled":false,"userAgent":"Mozilla/5.0 (Windows NT 6.2; WOW64) AppleWebKit/538.1 (KHTML, like Gecko) PhantomJS/2.1.1 Safari/538.1","webSecurityEnabled":true}
[INFO  - 2017-03-10T13:57:33.609Z] Session [82852af0-0599-11e7-84cb-d378cb5fda56] - page.customHeaders:  - {}
[INFO  - 2017-03-10T13:57:33.609Z] Session [82852af0-0599-11e7-84cb-d378cb5fda56] - Session.negotiatedCapabilities - {"browserName":"phantomjs","version":"2.1.1","driverName":"ghostdriver","driverVersion":"1.2.0","platform":"windows-8.1-32bit","javascriptEnabled":true,"takesScreenshot":true,"handlesAlerts":false,"databaseEnabled":false,"locationContextEnabled":false,"applicationCacheEnabled":false,"browserConnectionEnabled":false,"cssSelectorsEnabled":true,"webStorageEnabled":false,"rotatable":false,"acceptSslCerts":false,"nativeEvents":true,"proxy":{"proxyType":"direct"}}
[INFO  - 2017-03-10T13:57:33.609Z] SessionManagerReqHand - _postNewSessionCommand - New Session Created: 82852af0-0599-11e7-84cb-d378cb5fda56
[ERROR - 2017-03-10T13:57:37.329Z] Session [82852af0-0599-11e7-84cb-d378cb5fda56] - page.onError - msg: TypeError: Attempting to configurable attribute of unconfigurable property.
[ERROR - 2017-03-10T13:57:37.329Z] Session [82852af0-0599-11e7-84cb-d378cb5fda56] - page.onError - stack:
  defineProperty (http://dn-growing.qbox.me/vds.js:2)
  registerHistoryHandler (http://dn-growing.qbox.me/vds.js:2)
  domLoadedHandler (http://dn-growing.qbox.me/vds.js:2)
  observe (http://dn-growing.qbox.me/vds.js:2)
  s (http://dn-growing.qbox.me/vds.js:2)
  connect (http://dn-growing.qbox.me/vds.js:2)
  connect (http://dn-growing.qbox.me/vds.js:3)
  (anonymous function) (http://dn-growing.qbox.me/vds.js:2)
  i (http://dn-growing.qbox.me/vds.js:1)
  t (http://dn-growing.qbox.me/vds.js:1)
[INFO  - 2017-03-10T14:13:30.386Z] GhostDriver - Main - running on port 29331
[INFO  - 2017-03-10T14:13:30.773Z] Session [bd08cdb0-059b-11e7-957e-6d3828676783] - page.settings - {"XSSAuditingEnabled":false,"javascriptCanCloseWindows":true,"javascriptCanOpenWindows":true,"javascriptEnabled":true,"loadImages":true,"localToRemoteUrlAccessEnabled":false,"userAgent":"Mozilla/5.0 (Windows NT 6.2; WOW64) AppleWebKit/538.1 (KHTML, like Gecko) PhantomJS/2.1.1 Safari/538.1","webSecurityEnabled":true}
[INFO  - 2017-03-10T14:13:30.774Z] Session [bd08cdb0-059b-11e7-957e-6d3828676783] - page.customHeaders:  - {}
[INFO  - 2017-03-10T14:13:30.774Z] Session [bd08cdb0-059b-11e7-957e-6d3828676783] - Session.negotiatedCapabilities - {"browserName":"phantomjs","version":"2.1.1","driverName":"ghostdriver","driverVersion":"1.2.0","platform":"windows-8.1-32bit","javascriptEnabled":true,"takesScreenshot":true,"handlesAlerts":false,"databaseEnabled":false,"locationContextEnabled":false,"applicationCacheEnabled":false,"browserConnectionEnabled":false,"cssSelectorsEnabled":true,"webStorageEnabled":false,"rotatable":false,"acceptSslCerts":false,"nativeEvents":true,"proxy":{"proxyType":"direct"}}
[INFO  - 2017-03-10T14:13:30.774Z] SessionManagerReqHand - _postNewSessionCommand - New Session Created: bd08cdb0-059b-11e7-957e-6d3828676783
[ERROR - 2017-03-10T14:13:31.645Z] Session [bd08cdb0-059b-11e7-957e-6d3828676783] - page.onError - msg: TypeError: Attempting to configurable attribute of unconfigurable property.
[ERROR - 2017-03-10T14:13:31.645Z] Session [bd08cdb0-059b-11e7-957e-6d3828676783] - page.onError - stack:
  defineProperty (http://dn-growing.qbox.me/vds.js:2)
  registerHistoryHandler (http://dn-growing.qbox.me/vds.js:2)
  domLoadedHandler (http://dn-growing.qbox.me/vds.js:2)
  (anonymous function) (http://dn-growing.qbox.me/vds.js:2)
[INFO  - 2017-03-10T14:16:23.888Z] GhostDriver - Main - running on port 48204
[INFO  - 2017-03-10T14:16:24.289Z] Session [24753e70-059c-11e7-86c4-e11f75ea7db3] - page.settings - {"XSSAuditingEnabled":false,"javascriptCanCloseWindows":true,"javascriptCanOpenWindows":true,"javascriptEnabled":true,"loadImages":true,"localToRemoteUrlAccessEnabled":false,"userAgent":"Mozilla/5.0 (Windows NT 6.2; WOW64) AppleWebKit/538.1 (KHTML, like Gecko) PhantomJS/2.1.1 Safari/538.1","webSecurityEnabled":true}
[INFO  - 2017-03-10T14:16:24.289Z] Session [24753e70-059c-11e7-86c4-e11f75ea7db3] - page.customHeaders:  - {}
[INFO  - 2017-03-10T14:16:24.290Z] Session [24753e70-059c-11e7-86c4-e11f75ea7db3] - Session.negotiatedCapabilities - {"browserName":"phantomjs","version":"2.1.1","driverName":"ghostdriver","driverVersion":"1.2.0","platform":"windows-8.1-32bit","javascriptEnabled":true,"takesScreenshot":true,"handlesAlerts":false,"databaseEnabled":false,"locationContextEnabled":false,"applicationCacheEnabled":false,"browserConnectionEnabled":false,"cssSelectorsEnabled":true,"webStorageEnabled":false,"rotatable":false,"acceptSslCerts":false,"nativeEvents":true,"proxy":{"proxyType":"direct"}}
[INFO  - 2017-03-10T14:16:24.290Z] SessionManagerReqHand - _postNewSessionCommand - New Session Created: 24753e70-059c-11e7-86c4-e11f75ea7db3
[ERROR - 2017-03-10T14:16:27.710Z] Session [24753e70-059c-11e7-86c4-e11f75ea7db3] - page.onError - msg: TypeError: Attempting to configurable attribute of unconfigurable property.
[ERROR - 2017-03-10T14:16:27.711Z] Session [24753e70-059c-11e7-86c4-e11f75ea7db3] - page.onError - stack:
  defineProperty (http://dn-growing.qbox.me/vds.js:2)
  registerHistoryHandler (http://dn-growing.qbox.me/vds.js:2)
  domLoadedHandler (http://dn-growing.qbox.me/vds.js:2)
  observe (http://dn-growing.qbox.me/vds.js:2)
  s (http://dn-growing.qbox.me/vds.js:2)
  connect (http://dn-growing.qbox.me/vds.js:2)
  connect (http://dn-growing.qbox.me/vds.js:3)
  (anonymous function) (http://dn-growing.qbox.me/vds.js:2)
  i (http://dn-growing.qbox.me/vds.js:1)
  t (http://dn-growing.qbox.me/vds.js:1)
[INFO  - 2017-03-10T14:24:47.517Z] GhostDriver - Main - running on port 42934
[INFO  - 2017-03-10T14:24:47.898Z] Session [50a20810-059d-11e7-991c-2da962999f2b] - page.settings - {"XSSAuditingEnabled":false,"javascriptCanCloseWindows":true,"javascriptCanOpenWindows":true,"javascriptEnabled":true,"loadImages":true,"localToRemoteUrlAccessEnabled":false,"userAgent":"Mozilla/5.0 (Windows NT 6.2; WOW64) AppleWebKit/538.1 (KHTML, like Gecko) PhantomJS/2.1.1 Safari/538.1","webSecurityEnabled":true}
[INFO  - 2017-03-10T14:24:47.899Z] Session [50a20810-059d-11e7-991c-2da962999f2b] - page.customHeaders:  - {}
[INFO  - 2017-03-10T14:24:47.899Z] Session [50a20810-059d-11e7-991c-2da962999f2b] - Session.negotiatedCapabilities - {"browserName":"phantomjs","version":"2.1.1","driverName":"ghostdriver","driverVersion":"1.2.0","platform":"windows-8.1-32bit","javascriptEnabled":true,"takesScreenshot":true,"handlesAlerts":false,"databaseEnabled":false,"locationContextEnabled":false,"applicationCacheEnabled":false,"browserConnectionEnabled":false,"cssSelectorsEnabled":true,"webStorageEnabled":false,"rotatable":false,"acceptSslCerts":false,"nativeEvents":true,"proxy":{"proxyType":"direct"}}
[INFO  - 2017-03-10T14:24:47.899Z] SessionManagerReqHand - _postNewSessionCommand - New Session Created: 50a20810-059d-11e7-991c-2da962999f2b
[ERROR - 2017-03-10T14:24:48.543Z] Session [50a20810-059d-11e7-991c-2da962999f2b] - page.onError - msg: TypeError: Attempting to configurable attribute of unconfigurable property.
[ERROR - 2017-03-10T14:24:48.544Z] Session [50a20810-059d-11e7-991c-2da962999f2b] - page.onError - stack:
  defineProperty (http://dn-growing.qbox.me/vds.js:2)
  registerHistoryHandler (http://dn-growing.qbox.me/vds.js:2)
  domLoadedHandler (http://dn-growing.qbox.me/vds.js:2)
  observe (http://dn-growing.qbox.me/vds.js:2)
  s (http://dn-growing.qbox.me/vds.js:2)
  connect (http://dn-growing.qbox.me/vds.js:2)
  connect (http://dn-growing.qbox.me/vds.js:3)
  (anonymous function) (http://dn-growing.qbox.me/vds.js:2)
  i (http://dn-growing.qbox.me/vds.js:1)
  t (http://dn-growing.qbox.me/vds.js:1)
[INFO  - 2017-03-10T14:28:49.285Z] GhostDriver - Main - running on port 42985
[INFO  - 2017-03-10T14:28:49.696Z] Session [e0c15360-059d-11e7-94e3-c91fb7963a5a] - page.settings - {"XSSAuditingEnabled":false,"javascriptCanCloseWindows":true,"javascriptCanOpenWindows":true,"javascriptEnabled":true,"loadImages":true,"localToRemoteUrlAccessEnabled":false,"userAgent":"Mozilla/5.0 (Windows NT 6.2; WOW64) AppleWebKit/538.1 (KHTML, like Gecko) PhantomJS/2.1.1 Safari/538.1","webSecurityEnabled":true}
[INFO  - 2017-03-10T14:28:49.696Z] Session [e0c15360-059d-11e7-94e3-c91fb7963a5a] - page.customHeaders:  - {}
[INFO  - 2017-03-10T14:28:49.696Z] Session [e0c15360-059d-11e7-94e3-c91fb7963a5a] - Session.negotiatedCapabilities - {"browserName":"phantomjs","version":"2.1.1","driverName":"ghostdriver","driverVersion":"1.2.0","platform":"windows-8.1-32bit","javascriptEnabled":true,"takesScreenshot":true,"handlesAlerts":false,"databaseEnabled":false,"locationContextEnabled":false,"applicationCacheEnabled":false,"browserConnectionEnabled":false,"cssSelectorsEnabled":true,"webStorageEnabled":false,"rotatable":false,"acceptSslCerts":false,"nativeEvents":true,"proxy":{"proxyType":"direct"}}
[INFO  - 2017-03-10T14:28:49.697Z] SessionManagerReqHand - _postNewSessionCommand - New Session Created: e0c15360-059d-11e7-94e3-c91fb7963a5a
[ERROR - 2017-03-10T14:28:50.720Z] Session [e0c15360-059d-11e7-94e3-c91fb7963a5a] - page.onError - msg: TypeError: Attempting to configurable attribute of unconfigurable property.
[ERROR - 2017-03-10T14:28:50.721Z] Session [e0c15360-059d-11e7-94e3-c91fb7963a5a] - page.onError - stack:
  defineProperty (http://dn-growing.qbox.me/vds.js:2)
  registerHistoryHandler (http://dn-growing.qbox.me/vds.js:2)
  domLoadedHandler (http://dn-growing.qbox.me/vds.js:2)
  observe (http://dn-growing.qbox.me/vds.js:2)
  s (http://dn-growing.qbox.me/vds.js:2)
  connect (http://dn-growing.qbox.me/vds.js:2)
  connect (http://dn-growing.qbox.me/vds.js:3)
  (anonymous function) (http://dn-growing.qbox.me/vds.js:2)
  i (http://dn-growing.qbox.me/vds.js:1)
  t (http://dn-growing.qbox.me/vds.js:1)
[INFO  - 2017-03-10T14:33:30.262Z] GhostDriver - Main - running on port 22756
[INFO  - 2017-03-10T14:33:30.722Z] Session [88416c10-059e-11e7-af0e-b9c5856bb3d1] - page.settings - {"XSSAuditingEnabled":false,"javascriptCanCloseWindows":true,"javascriptCanOpenWindows":true,"javascriptEnabled":true,"loadImages":true,"localToRemoteUrlAccessEnabled":false,"userAgent":"Mozilla/5.0 (Windows NT 6.2; WOW64) AppleWebKit/538.1 (KHTML, like Gecko) PhantomJS/2.1.1 Safari/538.1","webSecurityEnabled":true}
[INFO  - 2017-03-10T14:33:30.722Z] Session [88416c10-059e-11e7-af0e-b9c5856bb3d1] - page.customHeaders:  - {}
[INFO  - 2017-03-10T14:33:30.722Z] Session [88416c10-059e-11e7-af0e-b9c5856bb3d1] - Session.negotiatedCapabilities - {"browserName":"phantomjs","version":"2.1.1","driverName":"ghostdriver","driverVersion":"1.2.0","platform":"windows-8.1-32bit","javascriptEnabled":true,"takesScreenshot":true,"handlesAlerts":false,"databaseEnabled":false,"locationContextEnabled":false,"applicationCacheEnabled":false,"browserConnectionEnabled":false,"cssSelectorsEnabled":true,"webStorageEnabled":false,"rotatable":false,"acceptSslCerts":false,"nativeEvents":true,"proxy":{"proxyType":"direct"}}
[INFO  - 2017-03-10T14:33:30.722Z] SessionManagerReqHand - _postNewSessionCommand - New Session Created: 88416c10-059e-11e7-af0e-b9c5856bb3d1
[ERROR - 2017-03-10T14:33:34.038Z] Session [88416c10-059e-11e7-af0e-b9c5856bb3d1] - page.onError - msg: TypeError: Attempting to configurable attribute of unconfigurable property.
[ERROR - 2017-03-10T14:33:34.038Z] Session [88416c10-059e-11e7-af0e-b9c5856bb3d1] - page.onError - stack:
  defineProperty (http://dn-growing.qbox.me/vds.js:2)
  registerHistoryHandler (http://dn-growing.qbox.me/vds.js:2)
  domLoadedHandler (http://dn-growing.qbox.me/vds.js:2)
  observe (http://dn-growing.qbox.me/vds.js:2)
  s (http://dn-growing.qbox.me/vds.js:2)
  connect (http://dn-growing.qbox.me/vds.js:2)
  connect (http://dn-growing.qbox.me/vds.js:3)
  (anonymous function) (http://dn-growing.qbox.me/vds.js:2)
  i (http://dn-growing.qbox.me/vds.js:1)
  t (http://dn-growing.qbox.me/vds.js:1)
[INFO  - 2017-03-10T14:34:43.042Z] GhostDriver - Main - running on port 6959
[INFO  - 2017-03-10T14:34:44.342Z] Session [b423dbb0-059e-11e7-b92d-7d4b84dee8d1] - page.settings - {"XSSAuditingEnabled":false,"javascriptCanCloseWindows":true,"javascriptCanOpenWindows":true,"javascriptEnabled":true,"loadImages":true,"localToRemoteUrlAccessEnabled":false,"userAgent":"Mozilla/5.0 (Windows NT 6.2; WOW64) AppleWebKit/538.1 (KHTML, like Gecko) PhantomJS/2.1.1 Safari/538.1","webSecurityEnabled":true}
[INFO  - 2017-03-10T14:34:44.342Z] Session [b423dbb0-059e-11e7-b92d-7d4b84dee8d1] - page.customHeaders:  - {}
[INFO  - 2017-03-10T14:34:44.342Z] Session [b423dbb0-059e-11e7-b92d-7d4b84dee8d1] - Session.negotiatedCapabilities - {"browserName":"phantomjs","version":"2.1.1","driverName":"ghostdriver","driverVersion":"1.2.0","platform":"windows-8.1-32bit","javascriptEnabled":true,"takesScreenshot":true,"handlesAlerts":false,"databaseEnabled":false,"locationContextEnabled":false,"applicationCacheEnabled":false,"browserConnectionEnabled":false,"cssSelectorsEnabled":true,"webStorageEnabled":false,"rotatable":false,"acceptSslCerts":false,"nativeEvents":true,"proxy":{"proxyType":"direct"}}
[INFO  - 2017-03-10T14:34:44.343Z] SessionManagerReqHand - _postNewSessionCommand - New Session Created: b423dbb0-059e-11e7-b92d-7d4b84dee8d1
[ERROR - 2017-03-10T14:34:45.557Z] Session [b423dbb0-059e-11e7-b92d-7d4b84dee8d1] - page.onError - msg: TypeError: Attempting to configurable attribute of unconfigurable property.
[ERROR - 2017-03-10T14:34:45.558Z] Session [b423dbb0-059e-11e7-b92d-7d4b84dee8d1] - page.onError - stack:
  defineProperty (http://dn-growing.qbox.me/vds.js:2)
  registerHistoryHandler (http://dn-growing.qbox.me/vds.js:2)
  domLoadedHandler (http://dn-growing.qbox.me/vds.js:2)
  observe (http://dn-growing.qbox.me/vds.js:2)
  s (http://dn-growing.qbox.me/vds.js:2)
  connect (http://dn-growing.qbox.me/vds.js:2)
  connect (http://dn-growing.qbox.me/vds.js:3)
  (anonymous function) (http://dn-growing.qbox.me/vds.js:2)
  i (http://dn-growing.qbox.me/vds.js:1)
  t (http://dn-growing.qbox.me/vds.js:1)
[INFO  - 2017-03-10T14:38:23.120Z] GhostDriver - Main - running on port 48581
[INFO  - 2017-03-10T14:38:23.462Z] Session [36bf11c0-059f-11e7-9869-cf65aaa2a9f9] - page.settings - {"XSSAuditingEnabled":false,"javascriptCanCloseWindows":true,"javascriptCanOpenWindows":true,"javascriptEnabled":true,"loadImages":true,"localToRemoteUrlAccessEnabled":false,"userAgent":"Mozilla/5.0 (Windows NT 6.2; WOW64) AppleWebKit/538.1 (KHTML, like Gecko) PhantomJS/2.1.1 Safari/538.1","webSecurityEnabled":true}
[INFO  - 2017-03-10T14:38:23.463Z] Session [36bf11c0-059f-11e7-9869-cf65aaa2a9f9] - page.customHeaders:  - {}
[INFO  - 2017-03-10T14:38:23.463Z] Session [36bf11c0-059f-11e7-9869-cf65aaa2a9f9] - Session.negotiatedCapabilities - {"browserName":"phantomjs","version":"2.1.1","driverName":"ghostdriver","driverVersion":"1.2.0","platform":"windows-8.1-32bit","javascriptEnabled":true,"takesScreenshot":true,"handlesAlerts":false,"databaseEnabled":false,"locationContextEnabled":false,"applicationCacheEnabled":false,"browserConnectionEnabled":false,"cssSelectorsEnabled":true,"webStorageEnabled":false,"rotatable":false,"acceptSslCerts":false,"nativeEvents":true,"proxy":{"proxyType":"direct"}}
[INFO  - 2017-03-10T14:38:23.463Z] SessionManagerReqHand - _postNewSessionCommand - New Session Created: 36bf11c0-059f-11e7-9869-cf65aaa2a9f9
[ERROR - 2017-03-10T14:38:24.460Z] Session [36bf11c0-059f-11e7-9869-cf65aaa2a9f9] - page.onError - msg: TypeError: Attempting to configurable attribute of unconfigurable property.
[ERROR - 2017-03-10T14:38:24.460Z] Session [36bf11c0-059f-11e7-9869-cf65aaa2a9f9] - page.onError - stack:
  defineProperty (http://dn-growing.qbox.me/vds.js:2)
  registerHistoryHandler (http://dn-growing.qbox.me/vds.js:2)
  domLoadedHandler (http://dn-growing.qbox.me/vds.js:2)
  observe (http://dn-growing.qbox.me/vds.js:2)
  s (http://dn-growing.qbox.me/vds.js:2)
  connect (http://dn-growing.qbox.me/vds.js:2)
  connect (http://dn-growing.qbox.me/vds.js:3)
  (anonymous function) (http://dn-growing.qbox.me/vds.js:2)
  i (http://dn-growing.qbox.me/vds.js:1)
  t (http://dn-growing.qbox.me/vds.js:1)
[INFO  - 2017-03-10T14:43:23.124Z] SessionManagerReqHand - _cleanupWindowlessSessions - Asynchronous Sessions clean-up phase starting NOW
[INFO  - 2017-03-10T14:48:23.126Z] SessionManagerReqHand - _cleanupWindowlessSessions - Asynchronous Sessions clean-up phase starting NOW
[INFO  - 2017-03-10T14:53:23.138Z] SessionManagerReqHand - _cleanupWindowlessSessions - Asynchronous Sessions clean-up phase starting NOW
scriptEnabled":true,"loadImages":true,"localToRemoteUrlAccessEnabled":false,"userAgent":"Mozilla/5.0 (Windows NT 6.2; WOW64) AppleWebKit/538.1 (KHTML, like Gecko) PhantomJS/2.1.1 Safari/538.1","webSecurityEnabled":true}
[INFO  - 2017-03-10T14:43:47.873Z] Session [f81c1b60-059f-11e7-9a03-f1e8ff7fd4b8] - page.customHeaders:  - {}
[INFO  - 2017-03-10T14:43:47.873Z] Session [f81c1b60-059f-11e7-9a03-f1e8ff7fd4b8] - Session.negotiatedCapabilities - {"browserName":"phantomjs","version":"2.1.1","driverName":"ghostdriver","driverVersion":"1.2.0","platform":"windows-8.1-32bit","javascriptEnabled":true,"takesScreenshot":true,"handlesAlerts":false,"databaseEnabled":false,"locationContextEnabled":false,"applicationCacheEnabled":false,"browserConnectionEnabled":false,"cssSelectorsEnabled":true,"webStorageEnabled":false,"rotatable":false,"acceptSslCerts":false,"nativeEvents":true,"proxy":{"proxyType":"direct"}}
[INFO  - 2017-03-10T14:43:47.873Z] SessionManagerReqHand - _postNewSessionCommand - New Session Created: f81c1b60-059f-11e7-9a03-f1e8ff7fd4b8
[ERROR - 2017-03-10T14:43:49.182Z] Session [f81c1b60-059f-11e7-9a03-f1e8ff7fd4b8] - page.onError - msg: TypeError: Attempting to configurable attribute of unconfigurable property.
[ERROR - 2017-03-10T14:43:49.183Z] Session [f81c1b60-059f-11e7-9a03-f1e8ff7fd4b8] - page.onError - stack:
  defineProperty (http://dn-growing.qbox.me/vds.js:2)
  registerHistoryHandler (http://dn-growing.qbox.me/vds.js:2)
  domLoadedHandler (http://dn-growing.qbox.me/vds.js:2)
  observe (http://dn-growing.qbox.me/vds.js:2)
  s (http://dn-growing.qbox.me/vds.js:2)
  connect (http://dn-growing.qbox.me/vds.js:2)
  connect (http://dn-growing.qbox.me/vds.js:3)
  (anonymous function) (http://dn-growing.qbox.me/vds.js:2)
  i (http://dn-growing.qbox.me/vds.js:1)
  t (http://dn-growing.qbox.me/vds.js:1)
[INFO  - 2017-03-10T14:46:41.750Z] GhostDriver - Main - running on port 43863
[INFO  - 2017-03-10T14:46:42.132Z] Session [5ffa12a0-05a0-11e7-969e-379ae6407f23] - page.settings - {"XSSAuditingEnabled":false,"javascriptCanCloseWindows":true,"javascriptCanOpenWindows":true,"javascriptEnabled":true,"loadImages":true,"localToRemoteUrlAccessEnabled":false,"userAgent":"Mozilla/5.0 (Windows NT 6.2; WOW64) AppleWebKit/538.1 (KHTML, like Gecko) PhantomJS/2.1.1 Safari/538.1","webSecurityEnabled":true}
[INFO  - 2017-03-10T14:46:42.132Z] Session [5ffa12a0-05a0-11e7-969e-379ae6407f23] - page.customHeaders:  - {}
[INFO  - 2017-03-10T14:46:42.132Z] Session [5ffa12a0-05a0-11e7-969e-379ae6407f23] - Session.negotiatedCapabilities - {"browserName":"phantomjs","version":"2.1.1","driverName":"ghostdriver","driverVersion":"1.2.0","platform":"windows-8.1-32bit","javascriptEnabled":true,"takesScreenshot":true,"handlesAlerts":false,"databaseEnabled":false,"locationContextEnabled":false,"applicationCacheEnabled":false,"browserConnectionEnabled":false,"cssSelectorsEnabled":true,"webStorageEnabled":false,"rotatable":false,"acceptSslCerts":false,"nativeEvents":true,"proxy":{"proxyType":"direct"}}
[INFO  - 2017-03-10T14:46:42.132Z] SessionManagerReqHand - _postNewSessionCommand - New Session Created: 5ffa12a0-05a0-11e7-969e-379ae6407f23
[ERROR - 2017-03-10T14:46:42.826Z] Session [5ffa12a0-05a0-11e7-969e-379ae6407f23] - page.onError - msg: TypeError: Attempting to configurable attribute of unconfigurable property.
[ERROR - 2017-03-10T14:46:42.827Z] Session [5ffa12a0-05a0-11e7-969e-379ae6407f23] - page.onError - stack:
  defineProperty (http://dn-growing.qbox.me/vds.js:2)
  registerHistoryHandler (http://dn-growing.qbox.me/vds.js:2)
  domLoadedHandler (http://dn-growing.qbox.me/vds.js:2)
  (anonymous function) (http://dn-growing.qbox.me/vds.js:2)
[INFO  - 2017-03-10T14:51:17.233Z] GhostDriver - Main - running on port 9185
[INFO  - 2017-03-10T14:51:17.582Z] Session [0427f310-05a1-11e7-a52c-f73945ccbf26] - page.settings - {"XSSAuditingEnabled":false,"javascriptCanCloseWindows":true,"javascriptCanOpenWindows":true,"javascriptEnabled":true,"loadImages":true,"localToRemoteUrlAccessEnabled":false,"userAgent":"Mozilla/5.0 (Windows NT 6.2; WOW64) AppleWebKit/538.1 (KHTML, like Gecko) PhantomJS/2.1.1 Safari/538.1","webSecurityEnabled":true}
[INFO  - 2017-03-10T14:51:17.582Z] Session [0427f310-05a1-11e7-a52c-f73945ccbf26] - page.customHeaders:  - {}
[INFO  - 2017-03-10T14:51:17.582Z] Session [0427f310-05a1-11e7-a52c-f73945ccbf26] - Session.negotiatedCapabilities - {"browserName":"phantomjs","version":"2.1.1","driverName":"ghostdriver","driverVersion":"1.2.0","platform":"windows-8.1-32bit","javascriptEnabled":true,"takesScreenshot":true,"handlesAlerts":false,"databaseEnabled":false,"locationContextEnabled":false,"applicationCacheEnabled":false,"browserConnectionEnabled":false,"cssSelectorsEnabled":true,"webStorageEnabled":false,"rotatable":false,"acceptSslCerts":false,"nativeEvents":true,"proxy":{"proxyType":"direct"}}
[INFO  - 2017-03-10T14:51:17.583Z] SessionManagerReqHand - _postNewSessionCommand - New Session Created: 0427f310-05a1-11e7-a52c-f73945ccbf26
[ERROR - 2017-03-10T14:51:19.453Z] Session [0427f310-05a1-11e7-a52c-f73945ccbf26] - page.onError - msg: TypeError: Attempting to configurable attribute of unconfigurable property.
[ERROR - 2017-03-10T14:51:19.453Z] Session [0427f310-05a1-11e7-a52c-f73945ccbf26] - page.onError - stack:
  defineProperty (http://dn-growing.qbox.me/vds.js:2)
  registerHistoryHandler (http://dn-growing.qbox.me/vds.js:2)
  domLoadedHandler (http://dn-growing.qbox.me/vds.js:2)
  observe (http://dn-growing.qbox.me/vds.js:2)
  s (http://dn-growing.qbox.me/vds.js:2)
  connect (http://dn-growing.qbox.me/vds.js:2)
  connect (http://dn-growing.qbox.me/vds.js:3)
  (anonymous function) (http://dn-growing.qbox.me/vds.js:2)
  i (http://dn-growing.qbox.me/vds.js:1)
  t (http://dn-growing.qbox.me/vds.js:1)
[INFO  - 2017-03-10T14:56:00.838Z] GhostDriver - Main - running on port 8620
[INFO  - 2017-03-10T14:56:01.303Z] Session [ad44a4c0-05a1-11e7-b9c7-639d8a460a09] - page.settings - {"XSSAuditingEnabled":false,"javascriptCanCloseWindows":true,"javascriptCanOpenWindows":true,"javascriptEnabled":true,"loadImages":true,"localToRemoteUrlAccessEnabled":false,"userAgent":"Mozilla/5.0 (Windows NT 6.2; WOW64) AppleWebKit/538.1 (KHTML, like Gecko) PhantomJS/2.1.1 Safari/538.1","webSecurityEnabled":true}
[INFO  - 2017-03-10T14:56:01.303Z] Session [ad44a4c0-05a1-11e7-b9c7-639d8a460a09] - page.customHeaders:  - {}
[INFO  - 2017-03-10T14:56:01.303Z] Session [ad44a4c0-05a1-11e7-b9c7-639d8a460a09] - Session.negotiatedCapabilities - {"browserName":"phantomjs","version":"2.1.1","driverName":"ghostdriver","driverVersion":"1.2.0","platform":"windows-8.1-32bit","javascriptEnabled":true,"takesScreenshot":true,"handlesAlerts":false,"databaseEnabled":false,"locationContextEnabled":false,"applicationCacheEnabled":false,"browserConnectionEnabled":false,"cssSelectorsEnabled":true,"webStorageEnabled":false,"rotatable":false,"acceptSslCerts":false,"nativeEvents":true,"proxy":{"proxyType":"direct"}}
[INFO  - 2017-03-10T14:56:01.303Z] SessionManagerReqHand - _postNewSessionCommand - New Session Created: ad44a4c0-05a1-11e7-b9c7-639d8a460a09
[ERROR - 2017-03-10T14:56:05.478Z] Session [ad44a4c0-05a1-11e7-b9c7-639d8a460a09] - page.onError - msg: TypeError: Attempting to configurable attribute of unconfigurable property.
[ERROR - 2017-03-10T14:56:05.478Z] Session [ad44a4c0-05a1-11e7-b9c7-639d8a460a09] - page.onError - stack:
  defineProperty (http://dn-growing.qbox.me/vds.js:2)
  registerHistoryHandler (http://dn-growing.qbox.me/vds.js:2)
  domLoadedHandler (http://dn-growing.qbox.me/vds.js:2)
  observe (http://dn-growing.qbox.me/vds.js:2)
  s (http://dn-growing.qbox.me/vds.js:2)
  connect (http://dn-growing.qbox.me/vds.js:2)
  connect (http://dn-growing.qbox.me/vds.js:3)
  (anonymous function) (http://dn-growing.qbox.me/vds.js:2)
  i (http://dn-growing.qbox.me/vds.js:1)
  t (http://dn-growing.qbox.me/vds.js:1)
